{
  "RSpec": {
    "coverage": {
      "/Users/student/acebook-2/acebook-404/app/models/user.rb": {
        "lines": [
          null,
          null,
          1,
          null,
          null,
          1,
          null,
          1,
          1,
          null
        ]
      },
      "/Users/student/acebook-2/acebook-404/app/models/application_record.rb": {
        "lines": [
          null,
          null,
          1,
          1,
          null
        ]
      },
      "/Users/student/acebook-2/acebook-404/app/controllers/albums_controller.rb": {
        "lines": [
          null,
          null,
          1,
          1,
          null,
          null,
          null,
          1,
          11,
          null,
          null,
          null,
          null,
          1,
          null,
          null,
          1,
          6,
          null,
          null,
          null,
          1,
          null,
          null,
          null,
          1,
          5,
          5,
          5,
          8,
          4,
          null,
          2,
          1,
          null,
          null,
          null,
          null,
          null,
          null,
          1,
          2,
          2,
          2,
          1,
          null,
          2,
          1,
          null,
          null,
          null,
          null,
          null,
          null,
          1,
          1,
          1,
          2,
          1,
          null,
          null,
          null,
          1,
          null,
          null,
          1,
          10,
          null,
          null,
          1,
          7,
          null,
          null
        ]
      },
      "/Users/student/acebook-2/acebook-404/app/controllers/application_controller.rb": {
        "lines": [
          null,
          null,
          1,
          1,
          null,
          1,
          16,
          null,
          null
        ]
      },
      "/Users/student/acebook-2/acebook-404/app/controllers/user_controller.rb": {
        "lines": [
          null,
          null,
          1,
          null,
          null,
          null,
          null,
          null,
          null,
          null,
          null,
          null,
          null,
          null,
          null,
          null,
          null,
          null,
          null,
          null,
          null
        ]
      },
      "/Users/student/acebook-2/acebook-404/app/models/album.rb": {
        "lines": [
          null,
          null,
          1,
          1,
          null
        ]
      },
      "/Users/student/acebook-2/acebook-404/app/models/post.rb": {
        "lines": [
          null,
          null,
          null,
          null,
          null,
          1,
          1,
          null
        ]
      },
      "/Users/student/acebook-2/acebook-404/app/models/profile.rb": {
        "lines": [
          null,
          null,
          1,
          1,
          1,
          null
        ]
      },
      "/Users/student/acebook-2/acebook-404/app/controllers/posts_controller.rb": {
        "lines": [
          null,
          1,
          1,
          null,
          1,
          6,
          null,
          null,
          1,
          6,
          6,
          null,
          null,
          1,
          1,
          1,
          null,
          1,
          1,
          null,
          0,
          null,
          null,
          null,
          1,
          1,
          null,
          null,
          1,
          16,
          null,
          null,
          1,
          0,
          null,
          null,
          1,
          1,
          null,
          1,
          null,
          null,
          1,
          null,
          1,
          7,
          null,
          null,
          1,
          1,
          null,
          null
        ]
      },
      "/Users/student/acebook-2/acebook-404/app/controllers/profile_controller.rb": {
        "lines": [
          null,
          null,
          1,
          1,
          null,
          1,
          19,
          19,
          null,
          null
        ]
      }
    },
    "timestamp": 1582289230
  }
}
